[debug] [2022-08-07T20:46:27.395Z] ----------------------------------------------------------------------
[debug] [2022-08-07T20:46:27.401Z] Command:       C:\Program Files\nodejs\node.exe C:\Users\HP\AppData\Roaming\npm\node_modules\firebase-tools\lib\bin\firebase.js deploy
[debug] [2022-08-07T20:46:27.402Z] CLI Version:   11.4.2
[debug] [2022-08-07T20:46:27.402Z] Platform:      win32
[debug] [2022-08-07T20:46:27.402Z] Node Version:  v16.13.2
[debug] [2022-08-07T20:46:27.404Z] Time:          Mon Aug 08 2022 01:46:27 GMT+0500 (Pakistan Standard Time)
[debug] [2022-08-07T20:46:27.404Z] ----------------------------------------------------------------------
[debug] 
[debug] [2022-08-07T20:46:27.549Z] > command requires scopes: ["email","openid","https://www.googleapis.com/auth/cloudplatformprojects.readonly","https://www.googleapis.com/auth/firebase","https://www.googleapis.com/auth/cloud-platform"]
[debug] [2022-08-07T20:46:27.549Z] > authorizing via signed-in user (uneebbhatti159@gmail.com)
[debug] [2022-08-07T20:46:27.550Z] [iam] checking project inventive-21c18 for permissions ["firebase.projects.get","firebasehosting.sites.update"]
[debug] [2022-08-07T20:46:27.554Z] >>> [apiv2][query] POST https://cloudresourcemanager.googleapis.com/v1/projects/inventive-21c18:testIamPermissions [none]
[debug] [2022-08-07T20:46:27.554Z] >>> [apiv2][(partial)header] POST https://cloudresourcemanager.googleapis.com/v1/projects/inventive-21c18:testIamPermissions x-goog-quota-user=projects/inventive-21c18
[debug] [2022-08-07T20:46:27.555Z] >>> [apiv2][body] POST https://cloudresourcemanager.googleapis.com/v1/projects/inventive-21c18:testIamPermissions {"permissions":["firebase.projects.get","firebasehosting.sites.update"]}
[debug] [2022-08-07T20:46:38.889Z] [iam] error while checking permissions, command may fail: FirebaseError: Failed to make request to https://cloudresourcemanager.googleapis.com/v1/projects/inventive-21c18:testIamPermissions
[debug] [2022-08-07T20:46:38.891Z] >>> [apiv2][query] GET https://firebase.googleapis.com/v1beta1/projects/inventive-21c18 [none]
[debug] [2022-08-07T20:46:50.172Z] Failed to make request to https://firebase.googleapis.com/v1beta1/projects/inventive-21c18
[debug] [2022-08-07T20:46:50.975Z] FirebaseError: Failed to make request to https://firebase.googleapis.com/v1beta1/projects/inventive-21c18
    at RetryOperation._fn (C:\Users\HP\AppData\Roaming\npm\node_modules\firebase-tools\lib\apiv2.js:242:31)
    at processTicksAndRejections (node:internal/process/task_queues:96:5)
[error] 
[error] Error: Failed to get Firebase project inventive-21c18. Please make sure the project exists and your account has permission to access it.
[debug] [2022-08-07T20:47:12.305Z] ----------------------------------------------------------------------
[debug] [2022-08-07T20:47:12.307Z] Command:       C:\Program Files\nodejs\node.exe C:\Users\HP\AppData\Roaming\npm\node_modules\firebase-tools\lib\bin\firebase.js deploy
[debug] [2022-08-07T20:47:12.308Z] CLI Version:   11.4.2
[debug] [2022-08-07T20:47:12.308Z] Platform:      win32
[debug] [2022-08-07T20:47:12.308Z] Node Version:  v16.13.2
[debug] [2022-08-07T20:47:12.310Z] Time:          Mon Aug 08 2022 01:47:12 GMT+0500 (Pakistan Standard Time)
[debug] [2022-08-07T20:47:12.310Z] ----------------------------------------------------------------------
[debug] 
[debug] [2022-08-07T20:47:12.431Z] > command requires scopes: ["email","openid","https://www.googleapis.com/auth/cloudplatformprojects.readonly","https://www.googleapis.com/auth/firebase","https://www.googleapis.com/auth/cloud-platform"]
[debug] [2022-08-07T20:47:12.432Z] > authorizing via signed-in user (uneebbhatti159@gmail.com)
[debug] [2022-08-07T20:47:12.433Z] [iam] checking project inventive-21c18 for permissions ["firebase.projects.get","firebasehosting.sites.update"]
[debug] [2022-08-07T20:47:12.436Z] >>> [apiv2][query] POST https://cloudresourcemanager.googleapis.com/v1/projects/inventive-21c18:testIamPermissions [none]
[debug] [2022-08-07T20:47:12.437Z] >>> [apiv2][(partial)header] POST https://cloudresourcemanager.googleapis.com/v1/projects/inventive-21c18:testIamPermissions x-goog-quota-user=projects/inventive-21c18
[debug] [2022-08-07T20:47:12.437Z] >>> [apiv2][body] POST https://cloudresourcemanager.googleapis.com/v1/projects/inventive-21c18:testIamPermissions {"permissions":["firebase.projects.get","firebasehosting.sites.update"]}
[debug] [2022-08-07T20:47:12.498Z] [iam] error while checking permissions, command may fail: FirebaseError: Failed to make request to https://cloudresourcemanager.googleapis.com/v1/projects/inventive-21c18:testIamPermissions
[debug] [2022-08-07T20:47:12.501Z] >>> [apiv2][query] GET https://firebase.googleapis.com/v1beta1/projects/inventive-21c18 [none]
[debug] [2022-08-07T20:47:12.525Z] Failed to make request to https://firebase.googleapis.com/v1beta1/projects/inventive-21c18
[debug] [2022-08-07T20:47:12.555Z] FirebaseError: Failed to make request to https://firebase.googleapis.com/v1beta1/projects/inventive-21c18
    at RetryOperation._fn (C:\Users\HP\AppData\Roaming\npm\node_modules\firebase-tools\lib\apiv2.js:242:31)
    at processTicksAndRejections (node:internal/process/task_queues:96:5)
[error] 
[error] Error: Failed to get Firebase project inventive-21c18. Please make sure the project exists and your account has permission to access it.
